2022-07-10T20:29:53.993781900- - - INFO: User choose to sign up.
2022-07-10T20:29:59.192635100- - - INFO: User choose to Login.
2022-07-10T20:30:03.209465800- - - WARN: User failed to log-in (2/3 chances left)
2022-07-10T20:30:06.960228100- - - WARN: User failed to log-in (1/3 chances left)
2022-07-10T20:30:11.431348400- - - TRACE: User has Succsefully Logged In
2022-07-10T20:30:11.435337700- - - INFO: User is currently in the main menu
2022-07-10T20:30:15.929307700- - - INFO: User is currently in the Checkings Account menu
2022-07-10T20:30:20.289414400- - - TRACE: User viewed balances and account numbers
2022-07-10T20:30:20.731560- - - INFO: User is currently in the Checkings Account menu
2022-07-10T20:30:24.209296800- - - INFO: User is currently in the main menu
2022-07-10T20:30:30.152415400- - - INFO: User is currently in the Savings Account menu
2022-07-10T20:30:32.921428200- - - INFO: User is currently in the main menu
2022-07-10T20:30:34.761328800- - - TRACE: User is viewing all account balances
2022-07-10T20:30:38.632918300- - - TRACE: User choose to view savings balance
2022-07-10T20:30:39.113734300- - - INFO: User is currently in the main menu
2022-07-10T20:30:45.811396900- - - TRACE: User has choosen to send money
2022-07-10T20:30:48.657398100- - - TRACE: User choose to send from a savings account
2022-07-10T20:30:49.111388300- - - TRACE: User has entered the incorrect sender credentials
2022-07-10T20:30:49.112389300- - - INFO: User is currently in the main menu
2022-07-10T20:30:58.745234900- - - INFO: User ended the running program
2022-07-10T20:31:44.663329100- - - INFO: User choose to Login.
2022-07-10T20:31:53.567332700- - - TRACE: User has Succsefully Logged In
2022-07-10T20:31:53.584322500- - - INFO: User is currently in the main menu
2022-07-10T20:31:58.650373600- - - TRACE: User is viewing all account balances
2022-07-10T20:32:00.785536200- - - TRACE: User choose to view savings balance
2022-07-10T20:32:01.308028300- - - INFO: User is currently in the main menu
2022-07-10T20:32:03.345336700- - - INFO: User is currently in the Savings Account menu
2022-07-10T20:32:08.433235500- - - INFO: User is currently in the main menu
2022-07-10T20:32:10.369328700- - - TRACE: User is viewing all account balances
2022-07-10T20:32:12.824824800- - - TRACE: User choose to view checkings balance
2022-07-10T20:32:13.299017300- - - INFO: User is currently in the main menu
2022-07-10T20:32:16.656328900- - - TRACE: User is viewing all account balances
2022-07-10T20:32:20.017321700- - - TRACE: User choose to view both balances
2022-07-10T20:32:20.490085100- - - INFO: User is currently in the main menu
2022-07-10T20:32:23.297211300- - - INFO: User is currently in the Checkings Account menu
2022-07-10T20:32:24.593370- - - TRACE: User Choose to deposit
2022-07-10T20:32:29.708121400- - - INFO: User is currently in the Checkings Account menu
2022-07-10T20:32:37.697211700- - - TRACE: User viewed balances and account numbers
2022-07-10T20:32:38.112001400- - - INFO: User is currently in the Checkings Account menu
2022-07-10T20:32:41.144198600- - - INFO: User is currently in the main menu
2022-07-10T20:32:44.416291100- - - INFO: User is currently in the Savings Account menu
2022-07-10T20:32:47.993192500- - - TRACE: User viewed balances and account numbers
2022-07-10T20:32:48.440351200- - - INFO: User is currently in the Savings Account menu
2022-07-10T20:32:54.432502- - - TRACE: User Choose apply intrest
2022-07-10T20:32:58.092301200- - - INFO: User is currently in the Savings Account menu
2022-07-10T20:33:06.289290300- - - TRACE: User Choose to withdrawl
2022-07-10T20:33:14.330500100- - - INFO: User is currently in the Savings Account menu
2022-07-10T20:33:32.768254900- - - INFO: User is currently in the main menu
2022-07-10T20:33:35.760291400- - - INFO: User ended the running program
